<?xml version="1.0" encoding="UTF-8"?>
<!-- Generated by org.testng.reporters.JUnitReportReporter -->
<testsuite hostname="codephilosopher" failures="0" tests="2" name="selenium.grid.test.parallel09.TestParallel" time="16.655" errors="0" timestamp="2022-07-03T14:05:37 IST" skipped="0">
  <testcase classname="selenium.grid.test.parallel09.TestParallel" name="doSearch" time="9.691"/>
  <system-out/>
  <testcase classname="selenium.grid.test.parallel09.TestParallel" name="doSearch" time="6.964"/>
  <system-out/>
</testsuite> <!-- selenium.grid.test.parallel09.TestParallel -->
